[2020-07-03 15:11:45] local.ERROR: PDOException: SQLSTATE[23000]: Integrity constraint violation: 1451 Cannot delete or update a parent row: a foreign key constraint fails (`new_g`.`clientes`, CONSTRAINT `clientes_municipio_id_foreign` FOREIGN KEY (`municipio_id`) REFERENCES `municipios` (`id`)) in /home/lenovo/Documentos/empresas/gora/scrips/cartera2/vendor/laravel/framework/src/Illuminate/Database/Connection.php:480
Stack trace:
#0 /home/lenovo/Documentos/empresas/gora/scrips/cartera2/vendor/laravel/framework/src/Illuminate/Database/Connection.php(480): PDOStatement->execute(Array)
#1 /home/lenovo/Documentos/empresas/gora/scrips/cartera2/vendor/laravel/framework/src/Illuminate/Database/Connection.php(722): Illuminate\Database\Connection->Illuminate\Database\{closure}(Object(Illuminate\Database\MySqlConnection), 'delete from `mu...', Array)
#2 /home/lenovo/Documentos/empresas/gora/scrips/cartera2/vendor/laravel/framework/src/Illuminate/Database/Connection.php(685): Illuminate\Database\Connection->runQueryCallback('delete from `mu...', Array, Object(Closure))
#3 /home/lenovo/Documentos/empresas/gora/scrips/cartera2/vendor/laravel/framework/src/Illuminate/Database/Connection.php(483): Illuminate\Database\Connection->run('delete from `mu...', Array, Object(Closure))
#4 /home/lenovo/Documentos/empresas/gora/scrips/cartera2/vendor/laravel/framework/src/Illuminate/Database/Connection.php(438): Illuminate\Database\Connection->affectingStatement('delete from `mu...', Array)
#5 /home/lenovo/Documentos/empresas/gora/scrips/cartera2/vendor/laravel/framework/src/Illuminate/Database/Query/Builder.php(2202): Illuminate\Database\Connection->delete('delete from `mu...', Array)
#6 /home/lenovo/Documentos/empresas/gora/scrips/cartera2/database/seeds/MunicipiosTableSeeder.php(17): Illuminate\Database\Query\Builder->delete()
#7 /home/lenovo/Documentos/empresas/gora/scrips/cartera2/vendor/laravel/framework/src/Illuminate/Database/Seeder.php(39): MunicipiosTableSeeder->run()
#8 /home/lenovo/Documentos/empresas/gora/scrips/cartera2/database/seeds/DatabaseSeeder.php(15): Illuminate\Database\Seeder->call('MunicipiosTable...')
#9 /home/lenovo/Documentos/empresas/gora/scrips/cartera2/vendor/laravel/framework/src/Illuminate/Database/Console/Seeds/SeedCommand.php(63): DatabaseSeeder->run()
#10 /home/lenovo/Documentos/empresas/gora/scrips/cartera2/vendor/laravel/framework/src/Illuminate/Database/Eloquent/Model.php(2314): Illuminate\Database\Console\Seeds\SeedCommand->Illuminate\Database\Console\Seeds\{closure}()
#11 /home/lenovo/Documentos/empresas/gora/scrips/cartera2/vendor/laravel/framework/src/Illuminate/Database/Console/Seeds/SeedCommand.php(64): Illuminate\Database\Eloquent\Model::unguarded(Object(Closure))
#12 [internal function]: Illuminate\Database\Console\Seeds\SeedCommand->fire()
#13 /home/lenovo/Documentos/empresas/gora/scrips/cartera2/vendor/laravel/framework/src/Illuminate/Container/Container.php(507): call_user_func_array(Array, Array)
#14 /home/lenovo/Documentos/empresas/gora/scrips/cartera2/vendor/laravel/framework/src/Illuminate/Console/Command.php(169): Illuminate\Container\Container->call(Array)
#15 /home/lenovo/Documentos/empresas/gora/scrips/cartera2/vendor/symfony/console/Command/Command.php(256): Illuminate\Console\Command->execute(Object(Symfony\Component\Console\Input\ArgvInput), Object(Symfony\Component\Console\Output\ConsoleOutput))
#16 /home/lenovo/Documentos/empresas/gora/scrips/cartera2/vendor/laravel/framework/src/Illuminate/Console/Command.php(155): Symfony\Component\Console\Command\Command->run(Object(Symfony\Component\Console\Input\ArgvInput), Object(Symfony\Component\Console\Output\ConsoleOutput))
#17 /home/lenovo/Documentos/empresas/gora/scrips/cartera2/vendor/symfony/console/Application.php(794): Illuminate\Console\Command->run(Object(Symfony\Component\Console\Input\ArgvInput), Object(Symfony\Component\Console\Output\ConsoleOutput))
#18 /home/lenovo/Documentos/empresas/gora/scrips/cartera2/vendor/symfony/console/Application.php(186): Symfony\Component\Console\Application->doRunCommand(Object(Illuminate\Database\Console\Seeds\SeedCommand), Object(Symfony\Component\Console\Input\ArgvInput), Object(Symfony\Component\Console\Output\ConsoleOutput))
#19 /home/lenovo/Documentos/empresas/gora/scrips/cartera2/vendor/symfony/console/Application.php(117): Symfony\Component\Console\Application->doRun(Object(Symfony\Component\Console\Input\ArgvInput), Object(Symfony\Component\Console\Output\ConsoleOutput))
#20 /home/lenovo/Documentos/empresas/gora/scrips/cartera2/vendor/laravel/framework/src/Illuminate/Foundation/Console/Kernel.php(107): Symfony\Component\Console\Application->run(Object(Symfony\Component\Console\Input\ArgvInput), Object(Symfony\Component\Console\Output\ConsoleOutput))
#21 /home/lenovo/Documentos/empresas/gora/scrips/cartera2/artisan(35): Illuminate\Foundation\Console\Kernel->handle(Object(Symfony\Component\Console\Input\ArgvInput), Object(Symfony\Component\Console\Output\ConsoleOutput))
#22 {main}

Next Illuminate\Database\QueryException: SQLSTATE[23000]: Integrity constraint violation: 1451 Cannot delete or update a parent row: a foreign key constraint fails (`new_g`.`clientes`, CONSTRAINT `clientes_municipio_id_foreign` FOREIGN KEY (`municipio_id`) REFERENCES `municipios` (`id`)) (SQL: delete from `municipios`) in /home/lenovo/Documentos/empresas/gora/scrips/cartera2/vendor/laravel/framework/src/Illuminate/Database/Connection.php:729
Stack trace:
#0 /home/lenovo/Documentos/empresas/gora/scrips/cartera2/vendor/laravel/framework/src/Illuminate/Database/Connection.php(685): Illuminate\Database\Connection->runQueryCallback('delete from `mu...', Array, Object(Closure))
#1 /home/lenovo/Documentos/empresas/gora/scrips/cartera2/vendor/laravel/framework/src/Illuminate/Database/Connection.php(483): Illuminate\Database\Connection->run('delete from `mu...', Array, Object(Closure))
#2 /home/lenovo/Documentos/empresas/gora/scrips/cartera2/vendor/laravel/framework/src/Illuminate/Database/Connection.php(438): Illuminate\Database\Connection->affectingStatement('delete from `mu...', Array)
#3 /home/lenovo/Documentos/empresas/gora/scrips/cartera2/vendor/laravel/framework/src/Illuminate/Database/Query/Builder.php(2202): Illuminate\Database\Connection->delete('delete from `mu...', Array)
#4 /home/lenovo/Documentos/empresas/gora/scrips/cartera2/database/seeds/MunicipiosTableSeeder.php(17): Illuminate\Database\Query\Builder->delete()
#5 /home/lenovo/Documentos/empresas/gora/scrips/cartera2/vendor/laravel/framework/src/Illuminate/Database/Seeder.php(39): MunicipiosTableSeeder->run()
#6 /home/lenovo/Documentos/empresas/gora/scrips/cartera2/database/seeds/DatabaseSeeder.php(15): Illuminate\Database\Seeder->call('MunicipiosTable...')
#7 /home/lenovo/Documentos/empresas/gora/scrips/cartera2/vendor/laravel/framework/src/Illuminate/Database/Console/Seeds/SeedCommand.php(63): DatabaseSeeder->run()
#8 /home/lenovo/Documentos/empresas/gora/scrips/cartera2/vendor/laravel/framework/src/Illuminate/Database/Eloquent/Model.php(2314): Illuminate\Database\Console\Seeds\SeedCommand->Illuminate\Database\Console\Seeds\{closure}()
#9 /home/lenovo/Documentos/empresas/gora/scrips/cartera2/vendor/laravel/framework/src/Illuminate/Database/Console/Seeds/SeedCommand.php(64): Illuminate\Database\Eloquent\Model::unguarded(Object(Closure))
#10 [internal function]: Illuminate\Database\Console\Seeds\SeedCommand->fire()
#11 /home/lenovo/Documentos/empresas/gora/scrips/cartera2/vendor/laravel/framework/src/Illuminate/Container/Container.php(507): call_user_func_array(Array, Array)
#12 /home/lenovo/Documentos/empresas/gora/scrips/cartera2/vendor/laravel/framework/src/Illuminate/Console/Command.php(169): Illuminate\Container\Container->call(Array)
#13 /home/lenovo/Documentos/empresas/gora/scrips/cartera2/vendor/symfony/console/Command/Command.php(256): Illuminate\Console\Command->execute(Object(Symfony\Component\Console\Input\ArgvInput), Object(Symfony\Component\Console\Output\ConsoleOutput))
#14 /home/lenovo/Documentos/empresas/gora/scrips/cartera2/vendor/laravel/framework/src/Illuminate/Console/Command.php(155): Symfony\Component\Console\Command\Command->run(Object(Symfony\Component\Console\Input\ArgvInput), Object(Symfony\Component\Console\Output\ConsoleOutput))
#15 /home/lenovo/Documentos/empresas/gora/scrips/cartera2/vendor/symfony/console/Application.php(794): Illuminate\Console\Command->run(Object(Symfony\Component\Console\Input\ArgvInput), Object(Symfony\Component\Console\Output\ConsoleOutput))
#16 /home/lenovo/Documentos/empresas/gora/scrips/cartera2/vendor/symfony/console/Application.php(186): Symfony\Component\Console\Application->doRunCommand(Object(Illuminate\Database\Console\Seeds\SeedCommand), Object(Symfony\Component\Console\Input\ArgvInput), Object(Symfony\Component\Console\Output\ConsoleOutput))
#17 /home/lenovo/Documentos/empresas/gora/scrips/cartera2/vendor/symfony/console/Application.php(117): Symfony\Component\Console\Application->doRun(Object(Symfony\Component\Console\Input\ArgvInput), Object(Symfony\Component\Console\Output\ConsoleOutput))
#18 /home/lenovo/Documentos/empresas/gora/scrips/cartera2/vendor/laravel/framework/src/Illuminate/Foundation/Console/Kernel.php(107): Symfony\Component\Console\Application->run(Object(Symfony\Component\Console\Input\ArgvInput), Object(Symfony\Component\Console\Output\ConsoleOutput))
#19 /home/lenovo/Documentos/empresas/gora/scrips/cartera2/artisan(35): Illuminate\Foundation\Console\Kernel->handle(Object(Symfony\Component\Console\Input\ArgvInput), Object(Symfony\Component\Console\Output\ConsoleOutput))
#20 {main}  
[2020-07-03 15:14:41] local.ERROR: ErrorException: ksort() expects parameter 1 to be array, bool given in /home/lenovo/Documentos/empresas/gora/scrips/cartera2/vendor/laravel/framework/src/Illuminate/Database/Query/Builder.php:2068
Stack trace:
#0 [internal function]: Illuminate\Foundation\Bootstrap\HandleExceptions->handleError(2, 'ksort() expects...', '/home/lenovo/Do...', 2068, Array)
#1 /home/lenovo/Documentos/empresas/gora/scrips/cartera2/vendor/laravel/framework/src/Illuminate/Database/Query/Builder.php(2068): ksort(false)
#2 /home/lenovo/Documentos/empresas/gora/scrips/cartera2/database/seeds/TarifasTableSeeder.php(21): Illuminate\Database\Query\Builder->insert(Array)
#3 /home/lenovo/Documentos/empresas/gora/scrips/cartera2/vendor/laravel/framework/src/Illuminate/Database/Console/Seeds/SeedCommand.php(63): TarifasTableSeeder->run()
#4 /home/lenovo/Documentos/empresas/gora/scrips/cartera2/vendor/laravel/framework/src/Illuminate/Database/Eloquent/Model.php(2314): Illuminate\Database\Console\Seeds\SeedCommand->Illuminate\Database\Console\Seeds\{closure}()
#5 /home/lenovo/Documentos/empresas/gora/scrips/cartera2/vendor/laravel/framework/src/Illuminate/Database/Console/Seeds/SeedCommand.php(64): Illuminate\Database\Eloquent\Model::unguarded(Object(Closure))
#6 [internal function]: Illuminate\Database\Console\Seeds\SeedCommand->fire()
#7 /home/lenovo/Documentos/empresas/gora/scrips/cartera2/vendor/laravel/framework/src/Illuminate/Container/Container.php(507): call_user_func_array(Array, Array)
#8 /home/lenovo/Documentos/empresas/gora/scrips/cartera2/vendor/laravel/framework/src/Illuminate/Console/Command.php(169): Illuminate\Container\Container->call(Array)
#9 /home/lenovo/Documentos/empresas/gora/scrips/cartera2/vendor/symfony/console/Command/Command.php(256): Illuminate\Console\Command->execute(Object(Symfony\Component\Console\Input\ArgvInput), Object(Symfony\Component\Console\Output\ConsoleOutput))
#10 /home/lenovo/Documentos/empresas/gora/scrips/cartera2/vendor/laravel/framework/src/Illuminate/Console/Command.php(155): Symfony\Component\Console\Command\Command->run(Object(Symfony\Component\Console\Input\ArgvInput), Object(Symfony\Component\Console\Output\ConsoleOutput))
#11 /home/lenovo/Documentos/empresas/gora/scrips/cartera2/vendor/symfony/console/Application.php(794): Illuminate\Console\Command->run(Object(Symfony\Component\Console\Input\ArgvInput), Object(Symfony\Component\Console\Output\ConsoleOutput))
#12 /home/lenovo/Documentos/empresas/gora/scrips/cartera2/vendor/symfony/console/Application.php(186): Symfony\Component\Console\Application->doRunCommand(Object(Illuminate\Database\Console\Seeds\SeedCommand), Object(Symfony\Component\Console\Input\ArgvInput), Object(Symfony\Component\Console\Output\ConsoleOutput))
#13 /home/lenovo/Documentos/empresas/gora/scrips/cartera2/vendor/symfony/console/Application.php(117): Symfony\Component\Console\Application->doRun(Object(Symfony\Component\Console\Input\ArgvInput), Object(Symfony\Component\Console\Output\ConsoleOutput))
#14 /home/lenovo/Documentos/empresas/gora/scrips/cartera2/vendor/laravel/framework/src/Illuminate/Foundation/Console/Kernel.php(107): Symfony\Component\Console\Application->run(Object(Symfony\Component\Console\Input\ArgvInput), Object(Symfony\Component\Console\Output\ConsoleOutput))
#15 /home/lenovo/Documentos/empresas/gora/scrips/cartera2/artisan(35): Illuminate\Foundation\Console\Kernel->handle(Object(Symfony\Component\Console\Input\ArgvInput), Object(Symfony\Component\Console\Output\ConsoleOutput))
#16 {main}  
[2020-07-03 15:21:40] local.ERROR: ErrorException: ksort() expects parameter 1 to be array, bool given in /home/lenovo/Documentos/empresas/gora/scrips/cartera2/vendor/laravel/framework/src/Illuminate/Database/Query/Builder.php:2068
Stack trace:
#0 [internal function]: Illuminate\Foundation\Bootstrap\HandleExceptions->handleError(2, 'ksort() expects...', '/home/lenovo/Do...', 2068, Array)
#1 /home/lenovo/Documentos/empresas/gora/scrips/cartera2/vendor/laravel/framework/src/Illuminate/Database/Query/Builder.php(2068): ksort(false)
#2 /home/lenovo/Documentos/empresas/gora/scrips/cartera2/database/seeds/TarifasTableSeeder.php(21): Illuminate\Database\Query\Builder->insert(Array)
#3 /home/lenovo/Documentos/empresas/gora/scrips/cartera2/vendor/laravel/framework/src/Illuminate/Database/Console/Seeds/SeedCommand.php(63): TarifasTableSeeder->run()
#4 /home/lenovo/Documentos/empresas/gora/scrips/cartera2/vendor/laravel/framework/src/Illuminate/Database/Eloquent/Model.php(2314): Illuminate\Database\Console\Seeds\SeedCommand->Illuminate\Database\Console\Seeds\{closure}()
#5 /home/lenovo/Documentos/empresas/gora/scrips/cartera2/vendor/laravel/framework/src/Illuminate/Database/Console/Seeds/SeedCommand.php(64): Illuminate\Database\Eloquent\Model::unguarded(Object(Closure))
#6 [internal function]: Illuminate\Database\Console\Seeds\SeedCommand->fire()
#7 /home/lenovo/Documentos/empresas/gora/scrips/cartera2/vendor/laravel/framework/src/Illuminate/Container/Container.php(507): call_user_func_array(Array, Array)
#8 /home/lenovo/Documentos/empresas/gora/scrips/cartera2/vendor/laravel/framework/src/Illuminate/Console/Command.php(169): Illuminate\Container\Container->call(Array)
#9 /home/lenovo/Documentos/empresas/gora/scrips/cartera2/vendor/symfony/console/Command/Command.php(256): Illuminate\Console\Command->execute(Object(Symfony\Component\Console\Input\ArgvInput), Object(Symfony\Component\Console\Output\ConsoleOutput))
#10 /home/lenovo/Documentos/empresas/gora/scrips/cartera2/vendor/laravel/framework/src/Illuminate/Console/Command.php(155): Symfony\Component\Console\Command\Command->run(Object(Symfony\Component\Console\Input\ArgvInput), Object(Symfony\Component\Console\Output\ConsoleOutput))
#11 /home/lenovo/Documentos/empresas/gora/scrips/cartera2/vendor/symfony/console/Application.php(794): Illuminate\Console\Command->run(Object(Symfony\Component\Console\Input\ArgvInput), Object(Symfony\Component\Console\Output\ConsoleOutput))
#12 /home/lenovo/Documentos/empresas/gora/scrips/cartera2/vendor/symfony/console/Application.php(186): Symfony\Component\Console\Application->doRunCommand(Object(Illuminate\Database\Console\Seeds\SeedCommand), Object(Symfony\Component\Console\Input\ArgvInput), Object(Symfony\Component\Console\Output\ConsoleOutput))
#13 /home/lenovo/Documentos/empresas/gora/scrips/cartera2/vendor/symfony/console/Application.php(117): Symfony\Component\Console\Application->doRun(Object(Symfony\Component\Console\Input\ArgvInput), Object(Symfony\Component\Console\Output\ConsoleOutput))
#14 /home/lenovo/Documentos/empresas/gora/scrips/cartera2/vendor/laravel/framework/src/Illuminate/Foundation/Console/Kernel.php(107): Symfony\Component\Console\Application->run(Object(Symfony\Component\Console\Input\ArgvInput), Object(Symfony\Component\Console\Output\ConsoleOutput))
#15 /home/lenovo/Documentos/empresas/gora/scrips/cartera2/artisan(35): Illuminate\Foundation\Console\Kernel->handle(Object(Symfony\Component\Console\Input\ArgvInput), Object(Symfony\Component\Console\Output\ConsoleOutput))
#16 {main}  
[2020-07-03 15:21:57] local.ERROR: ErrorException: ksort() expects parameter 1 to be array, bool given in /home/lenovo/Documentos/empresas/gora/scrips/cartera2/vendor/laravel/framework/src/Illuminate/Database/Query/Builder.php:2068
Stack trace:
#0 [internal function]: Illuminate\Foundation\Bootstrap\HandleExceptions->handleError(2, 'ksort() expects...', '/home/lenovo/Do...', 2068, Array)
#1 /home/lenovo/Documentos/empresas/gora/scrips/cartera2/vendor/laravel/framework/src/Illuminate/Database/Query/Builder.php(2068): ksort(false)
#2 /home/lenovo/Documentos/empresas/gora/scrips/cartera2/database/seeds/TarifasTableSeeder.php(21): Illuminate\Database\Query\Builder->insert(Array)
#3 /home/lenovo/Documentos/empresas/gora/scrips/cartera2/vendor/laravel/framework/src/Illuminate/Database/Console/Seeds/SeedCommand.php(63): TarifasTableSeeder->run()
#4 /home/lenovo/Documentos/empresas/gora/scrips/cartera2/vendor/laravel/framework/src/Illuminate/Database/Eloquent/Model.php(2314): Illuminate\Database\Console\Seeds\SeedCommand->Illuminate\Database\Console\Seeds\{closure}()
#5 /home/lenovo/Documentos/empresas/gora/scrips/cartera2/vendor/laravel/framework/src/Illuminate/Database/Console/Seeds/SeedCommand.php(64): Illuminate\Database\Eloquent\Model::unguarded(Object(Closure))
#6 [internal function]: Illuminate\Database\Console\Seeds\SeedCommand->fire()
#7 /home/lenovo/Documentos/empresas/gora/scrips/cartera2/vendor/laravel/framework/src/Illuminate/Container/Container.php(507): call_user_func_array(Array, Array)
#8 /home/lenovo/Documentos/empresas/gora/scrips/cartera2/vendor/laravel/framework/src/Illuminate/Console/Command.php(169): Illuminate\Container\Container->call(Array)
#9 /home/lenovo/Documentos/empresas/gora/scrips/cartera2/vendor/symfony/console/Command/Command.php(256): Illuminate\Console\Command->execute(Object(Symfony\Component\Console\Input\ArgvInput), Object(Symfony\Component\Console\Output\ConsoleOutput))
#10 /home/lenovo/Documentos/empresas/gora/scrips/cartera2/vendor/laravel/framework/src/Illuminate/Console/Command.php(155): Symfony\Component\Console\Command\Command->run(Object(Symfony\Component\Console\Input\ArgvInput), Object(Symfony\Component\Console\Output\ConsoleOutput))
#11 /home/lenovo/Documentos/empresas/gora/scrips/cartera2/vendor/symfony/console/Application.php(794): Illuminate\Console\Command->run(Object(Symfony\Component\Console\Input\ArgvInput), Object(Symfony\Component\Console\Output\ConsoleOutput))
#12 /home/lenovo/Documentos/empresas/gora/scrips/cartera2/vendor/symfony/console/Application.php(186): Symfony\Component\Console\Application->doRunCommand(Object(Illuminate\Database\Console\Seeds\SeedCommand), Object(Symfony\Component\Console\Input\ArgvInput), Object(Symfony\Component\Console\Output\ConsoleOutput))
#13 /home/lenovo/Documentos/empresas/gora/scrips/cartera2/vendor/symfony/console/Application.php(117): Symfony\Component\Console\Application->doRun(Object(Symfony\Component\Console\Input\ArgvInput), Object(Symfony\Component\Console\Output\ConsoleOutput))
#14 /home/lenovo/Documentos/empresas/gora/scrips/cartera2/vendor/laravel/framework/src/Illuminate/Foundation/Console/Kernel.php(107): Symfony\Component\Console\Application->run(Object(Symfony\Component\Console\Input\ArgvInput), Object(Symfony\Component\Console\Output\ConsoleOutput))
#15 /home/lenovo/Documentos/empresas/gora/scrips/cartera2/artisan(35): Illuminate\Foundation\Console\Kernel->handle(Object(Symfony\Component\Console\Input\ArgvInput), Object(Symfony\Component\Console\Output\ConsoleOutput))
#16 {main}  
[2020-07-03 15:22:16] local.ERROR: ErrorException: ksort() expects parameter 1 to be array, bool given in /home/lenovo/Documentos/empresas/gora/scrips/cartera2/vendor/laravel/framework/src/Illuminate/Database/Query/Builder.php:2068
Stack trace:
#0 [internal function]: Illuminate\Foundation\Bootstrap\HandleExceptions->handleError(2, 'ksort() expects...', '/home/lenovo/Do...', 2068, Array)
#1 /home/lenovo/Documentos/empresas/gora/scrips/cartera2/vendor/laravel/framework/src/Illuminate/Database/Query/Builder.php(2068): ksort(false)
#2 /home/lenovo/Documentos/empresas/gora/scrips/cartera2/database/seeds/TarifasTableSeeder.php(21): Illuminate\Database\Query\Builder->insert(Array)
#3 /home/lenovo/Documentos/empresas/gora/scrips/cartera2/vendor/laravel/framework/src/Illuminate/Database/Console/Seeds/SeedCommand.php(63): TarifasTableSeeder->run()
#4 /home/lenovo/Documentos/empresas/gora/scrips/cartera2/vendor/laravel/framework/src/Illuminate/Database/Eloquent/Model.php(2314): Illuminate\Database\Console\Seeds\SeedCommand->Illuminate\Database\Console\Seeds\{closure}()
#5 /home/lenovo/Documentos/empresas/gora/scrips/cartera2/vendor/laravel/framework/src/Illuminate/Database/Console/Seeds/SeedCommand.php(64): Illuminate\Database\Eloquent\Model::unguarded(Object(Closure))
#6 [internal function]: Illuminate\Database\Console\Seeds\SeedCommand->fire()
#7 /home/lenovo/Documentos/empresas/gora/scrips/cartera2/vendor/laravel/framework/src/Illuminate/Container/Container.php(507): call_user_func_array(Array, Array)
#8 /home/lenovo/Documentos/empresas/gora/scrips/cartera2/vendor/laravel/framework/src/Illuminate/Console/Command.php(169): Illuminate\Container\Container->call(Array)
#9 /home/lenovo/Documentos/empresas/gora/scrips/cartera2/vendor/symfony/console/Command/Command.php(256): Illuminate\Console\Command->execute(Object(Symfony\Component\Console\Input\ArgvInput), Object(Symfony\Component\Console\Output\ConsoleOutput))
#10 /home/lenovo/Documentos/empresas/gora/scrips/cartera2/vendor/laravel/framework/src/Illuminate/Console/Command.php(155): Symfony\Component\Console\Command\Command->run(Object(Symfony\Component\Console\Input\ArgvInput), Object(Symfony\Component\Console\Output\ConsoleOutput))
#11 /home/lenovo/Documentos/empresas/gora/scrips/cartera2/vendor/symfony/console/Application.php(794): Illuminate\Console\Command->run(Object(Symfony\Component\Console\Input\ArgvInput), Object(Symfony\Component\Console\Output\ConsoleOutput))
#12 /home/lenovo/Documentos/empresas/gora/scrips/cartera2/vendor/symfony/console/Application.php(186): Symfony\Component\Console\Application->doRunCommand(Object(Illuminate\Database\Console\Seeds\SeedCommand), Object(Symfony\Component\Console\Input\ArgvInput), Object(Symfony\Component\Console\Output\ConsoleOutput))
#13 /home/lenovo/Documentos/empresas/gora/scrips/cartera2/vendor/symfony/console/Application.php(117): Symfony\Component\Console\Application->doRun(Object(Symfony\Component\Console\Input\ArgvInput), Object(Symfony\Component\Console\Output\ConsoleOutput))
#14 /home/lenovo/Documentos/empresas/gora/scrips/cartera2/vendor/laravel/framework/src/Illuminate/Foundation/Console/Kernel.php(107): Symfony\Component\Console\Application->run(Object(Symfony\Component\Console\Input\ArgvInput), Object(Symfony\Component\Console\Output\ConsoleOutput))
#15 /home/lenovo/Documentos/empresas/gora/scrips/cartera2/artisan(35): Illuminate\Foundation\Console\Kernel->handle(Object(Symfony\Component\Console\Input\ArgvInput), Object(Symfony\Component\Console\Output\ConsoleOutput))
#16 {main}  
[2020-07-03 15:22:38] local.ERROR: ErrorException: ksort() expects parameter 1 to be array, bool given in /home/lenovo/Documentos/empresas/gora/scrips/cartera2/vendor/laravel/framework/src/Illuminate/Database/Query/Builder.php:2068
Stack trace:
#0 [internal function]: Illuminate\Foundation\Bootstrap\HandleExceptions->handleError(2, 'ksort() expects...', '/home/lenovo/Do...', 2068, Array)
#1 /home/lenovo/Documentos/empresas/gora/scrips/cartera2/vendor/laravel/framework/src/Illuminate/Database/Query/Builder.php(2068): ksort(false)
#2 /home/lenovo/Documentos/empresas/gora/scrips/cartera2/database/seeds/TarifasTableSeeder.php(21): Illuminate\Database\Query\Builder->insert(Array)
#3 /home/lenovo/Documentos/empresas/gora/scrips/cartera2/vendor/laravel/framework/src/Illuminate/Database/Console/Seeds/SeedCommand.php(63): TarifasTableSeeder->run()
#4 /home/lenovo/Documentos/empresas/gora/scrips/cartera2/vendor/laravel/framework/src/Illuminate/Database/Eloquent/Model.php(2314): Illuminate\Database\Console\Seeds\SeedCommand->Illuminate\Database\Console\Seeds\{closure}()
#5 /home/lenovo/Documentos/empresas/gora/scrips/cartera2/vendor/laravel/framework/src/Illuminate/Database/Console/Seeds/SeedCommand.php(64): Illuminate\Database\Eloquent\Model::unguarded(Object(Closure))
#6 [internal function]: Illuminate\Database\Console\Seeds\SeedCommand->fire()
#7 /home/lenovo/Documentos/empresas/gora/scrips/cartera2/vendor/laravel/framework/src/Illuminate/Container/Container.php(507): call_user_func_array(Array, Array)
#8 /home/lenovo/Documentos/empresas/gora/scrips/cartera2/vendor/laravel/framework/src/Illuminate/Console/Command.php(169): Illuminate\Container\Container->call(Array)
#9 /home/lenovo/Documentos/empresas/gora/scrips/cartera2/vendor/symfony/console/Command/Command.php(256): Illuminate\Console\Command->execute(Object(Symfony\Component\Console\Input\ArgvInput), Object(Symfony\Component\Console\Output\ConsoleOutput))
#10 /home/lenovo/Documentos/empresas/gora/scrips/cartera2/vendor/laravel/framework/src/Illuminate/Console/Command.php(155): Symfony\Component\Console\Command\Command->run(Object(Symfony\Component\Console\Input\ArgvInput), Object(Symfony\Component\Console\Output\ConsoleOutput))
#11 /home/lenovo/Documentos/empresas/gora/scrips/cartera2/vendor/symfony/console/Application.php(794): Illuminate\Console\Command->run(Object(Symfony\Component\Console\Input\ArgvInput), Object(Symfony\Component\Console\Output\ConsoleOutput))
#12 /home/lenovo/Documentos/empresas/gora/scrips/cartera2/vendor/symfony/console/Application.php(186): Symfony\Component\Console\Application->doRunCommand(Object(Illuminate\Database\Console\Seeds\SeedCommand), Object(Symfony\Component\Console\Input\ArgvInput), Object(Symfony\Component\Console\Output\ConsoleOutput))
#13 /home/lenovo/Documentos/empresas/gora/scrips/cartera2/vendor/symfony/console/Application.php(117): Symfony\Component\Console\Application->doRun(Object(Symfony\Component\Console\Input\ArgvInput), Object(Symfony\Component\Console\Output\ConsoleOutput))
#14 /home/lenovo/Documentos/empresas/gora/scrips/cartera2/vendor/laravel/framework/src/Illuminate/Foundation/Console/Kernel.php(107): Symfony\Component\Console\Application->run(Object(Symfony\Component\Console\Input\ArgvInput), Object(Symfony\Component\Console\Output\ConsoleOutput))
#15 /home/lenovo/Documentos/empresas/gora/scrips/cartera2/artisan(35): Illuminate\Foundation\Console\Kernel->handle(Object(Symfony\Component\Console\Input\ArgvInput), Object(Symfony\Component\Console\Output\ConsoleOutput))
#16 {main}  
[2020-07-03 15:23:17] local.ERROR: ErrorException: ksort() expects parameter 1 to be array, bool given in /home/lenovo/Documentos/empresas/gora/scrips/cartera2/vendor/laravel/framework/src/Illuminate/Database/Query/Builder.php:2068
Stack trace:
#0 [internal function]: Illuminate\Foundation\Bootstrap\HandleExceptions->handleError(2, 'ksort() expects...', '/home/lenovo/Do...', 2068, Array)
#1 /home/lenovo/Documentos/empresas/gora/scrips/cartera2/vendor/laravel/framework/src/Illuminate/Database/Query/Builder.php(2068): ksort(false)
#2 /home/lenovo/Documentos/empresas/gora/scrips/cartera2/database/seeds/TarifasTableSeeder.php(21): Illuminate\Database\Query\Builder->insert(Array)
#3 /home/lenovo/Documentos/empresas/gora/scrips/cartera2/vendor/laravel/framework/src/Illuminate/Database/Console/Seeds/SeedCommand.php(63): TarifasTableSeeder->run()
#4 /home/lenovo/Documentos/empresas/gora/scrips/cartera2/vendor/laravel/framework/src/Illuminate/Database/Eloquent/Model.php(2314): Illuminate\Database\Console\Seeds\SeedCommand->Illuminate\Database\Console\Seeds\{closure}()
#5 /home/lenovo/Documentos/empresas/gora/scrips/cartera2/vendor/laravel/framework/src/Illuminate/Database/Console/Seeds/SeedCommand.php(64): Illuminate\Database\Eloquent\Model::unguarded(Object(Closure))
#6 [internal function]: Illuminate\Database\Console\Seeds\SeedCommand->fire()
#7 /home/lenovo/Documentos/empresas/gora/scrips/cartera2/vendor/laravel/framework/src/Illuminate/Container/Container.php(507): call_user_func_array(Array, Array)
#8 /home/lenovo/Documentos/empresas/gora/scrips/cartera2/vendor/laravel/framework/src/Illuminate/Console/Command.php(169): Illuminate\Container\Container->call(Array)
#9 /home/lenovo/Documentos/empresas/gora/scrips/cartera2/vendor/symfony/console/Command/Command.php(256): Illuminate\Console\Command->execute(Object(Symfony\Component\Console\Input\ArgvInput), Object(Symfony\Component\Console\Output\ConsoleOutput))
#10 /home/lenovo/Documentos/empresas/gora/scrips/cartera2/vendor/laravel/framework/src/Illuminate/Console/Command.php(155): Symfony\Component\Console\Command\Command->run(Object(Symfony\Component\Console\Input\ArgvInput), Object(Symfony\Component\Console\Output\ConsoleOutput))
#11 /home/lenovo/Documentos/empresas/gora/scrips/cartera2/vendor/symfony/console/Application.php(794): Illuminate\Console\Command->run(Object(Symfony\Component\Console\Input\ArgvInput), Object(Symfony\Component\Console\Output\ConsoleOutput))
#12 /home/lenovo/Documentos/empresas/gora/scrips/cartera2/vendor/symfony/console/Application.php(186): Symfony\Component\Console\Application->doRunCommand(Object(Illuminate\Database\Console\Seeds\SeedCommand), Object(Symfony\Component\Console\Input\ArgvInput), Object(Symfony\Component\Console\Output\ConsoleOutput))
#13 /home/lenovo/Documentos/empresas/gora/scrips/cartera2/vendor/symfony/console/Application.php(117): Symfony\Component\Console\Application->doRun(Object(Symfony\Component\Console\Input\ArgvInput), Object(Symfony\Component\Console\Output\ConsoleOutput))
#14 /home/lenovo/Documentos/empresas/gora/scrips/cartera2/vendor/laravel/framework/src/Illuminate/Foundation/Console/Kernel.php(107): Symfony\Component\Console\Application->run(Object(Symfony\Component\Console\Input\ArgvInput), Object(Symfony\Component\Console\Output\ConsoleOutput))
#15 /home/lenovo/Documentos/empresas/gora/scrips/cartera2/artisan(35): Illuminate\Foundation\Console\Kernel->handle(Object(Symfony\Component\Console\Input\ArgvInput), Object(Symfony\Component\Console\Output\ConsoleOutput))
#16 {main}  
[2020-07-03 15:23:31] local.ERROR: ErrorException: ksort() expects parameter 1 to be array, bool given in /home/lenovo/Documentos/empresas/gora/scrips/cartera2/vendor/laravel/framework/src/Illuminate/Database/Query/Builder.php:2068
Stack trace:
#0 [internal function]: Illuminate\Foundation\Bootstrap\HandleExceptions->handleError(2, 'ksort() expects...', '/home/lenovo/Do...', 2068, Array)
#1 /home/lenovo/Documentos/empresas/gora/scrips/cartera2/vendor/laravel/framework/src/Illuminate/Database/Query/Builder.php(2068): ksort(false)
#2 /home/lenovo/Documentos/empresas/gora/scrips/cartera2/database/seeds/TarifasTableSeeder.php(21): Illuminate\Database\Query\Builder->insert(Array)
#3 /home/lenovo/Documentos/empresas/gora/scrips/cartera2/vendor/laravel/framework/src/Illuminate/Database/Console/Seeds/SeedCommand.php(63): TarifasTableSeeder->run()
#4 /home/lenovo/Documentos/empresas/gora/scrips/cartera2/vendor/laravel/framework/src/Illuminate/Database/Eloquent/Model.php(2314): Illuminate\Database\Console\Seeds\SeedCommand->Illuminate\Database\Console\Seeds\{closure}()
#5 /home/lenovo/Documentos/empresas/gora/scrips/cartera2/vendor/laravel/framework/src/Illuminate/Database/Console/Seeds/SeedCommand.php(64): Illuminate\Database\Eloquent\Model::unguarded(Object(Closure))
#6 [internal function]: Illuminate\Database\Console\Seeds\SeedCommand->fire()
#7 /home/lenovo/Documentos/empresas/gora/scrips/cartera2/vendor/laravel/framework/src/Illuminate/Container/Container.php(507): call_user_func_array(Array, Array)
#8 /home/lenovo/Documentos/empresas/gora/scrips/cartera2/vendor/laravel/framework/src/Illuminate/Console/Command.php(169): Illuminate\Container\Container->call(Array)
#9 /home/lenovo/Documentos/empresas/gora/scrips/cartera2/vendor/symfony/console/Command/Command.php(256): Illuminate\Console\Command->execute(Object(Symfony\Component\Console\Input\ArgvInput), Object(Symfony\Component\Console\Output\ConsoleOutput))
#10 /home/lenovo/Documentos/empresas/gora/scrips/cartera2/vendor/laravel/framework/src/Illuminate/Console/Command.php(155): Symfony\Component\Console\Command\Command->run(Object(Symfony\Component\Console\Input\ArgvInput), Object(Symfony\Component\Console\Output\ConsoleOutput))
#11 /home/lenovo/Documentos/empresas/gora/scrips/cartera2/vendor/symfony/console/Application.php(794): Illuminate\Console\Command->run(Object(Symfony\Component\Console\Input\ArgvInput), Object(Symfony\Component\Console\Output\ConsoleOutput))
#12 /home/lenovo/Documentos/empresas/gora/scrips/cartera2/vendor/symfony/console/Application.php(186): Symfony\Component\Console\Application->doRunCommand(Object(Illuminate\Database\Console\Seeds\SeedCommand), Object(Symfony\Component\Console\Input\ArgvInput), Object(Symfony\Component\Console\Output\ConsoleOutput))
#13 /home/lenovo/Documentos/empresas/gora/scrips/cartera2/vendor/symfony/console/Application.php(117): Symfony\Component\Console\Application->doRun(Object(Symfony\Component\Console\Input\ArgvInput), Object(Symfony\Component\Console\Output\ConsoleOutput))
#14 /home/lenovo/Documentos/empresas/gora/scrips/cartera2/vendor/laravel/framework/src/Illuminate/Foundation/Console/Kernel.php(107): Symfony\Component\Console\Application->run(Object(Symfony\Component\Console\Input\ArgvInput), Object(Symfony\Component\Console\Output\ConsoleOutput))
#15 /home/lenovo/Documentos/empresas/gora/scrips/cartera2/artisan(35): Illuminate\Foundation\Console\Kernel->handle(Object(Symfony\Component\Console\Input\ArgvInput), Object(Symfony\Component\Console\Output\ConsoleOutput))
#16 {main}  
[2020-07-03 15:24:16] local.ERROR: ErrorException: ksort() expects parameter 1 to be array, bool given in /home/lenovo/Documentos/empresas/gora/scrips/cartera2/vendor/laravel/framework/src/Illuminate/Database/Query/Builder.php:2068
Stack trace:
#0 [internal function]: Illuminate\Foundation\Bootstrap\HandleExceptions->handleError(2, 'ksort() expects...', '/home/lenovo/Do...', 2068, Array)
#1 /home/lenovo/Documentos/empresas/gora/scrips/cartera2/vendor/laravel/framework/src/Illuminate/Database/Query/Builder.php(2068): ksort(false)
#2 /home/lenovo/Documentos/empresas/gora/scrips/cartera2/database/seeds/TarifasTableSeeder.php(21): Illuminate\Database\Query\Builder->insert(Array)
#3 /home/lenovo/Documentos/empresas/gora/scrips/cartera2/vendor/laravel/framework/src/Illuminate/Database/Console/Seeds/SeedCommand.php(63): TarifasTableSeeder->run()
#4 /home/lenovo/Documentos/empresas/gora/scrips/cartera2/vendor/laravel/framework/src/Illuminate/Database/Eloquent/Model.php(2314): Illuminate\Database\Console\Seeds\SeedCommand->Illuminate\Database\Console\Seeds\{closure}()
#5 /home/lenovo/Documentos/empresas/gora/scrips/cartera2/vendor/laravel/framework/src/Illuminate/Database/Console/Seeds/SeedCommand.php(64): Illuminate\Database\Eloquent\Model::unguarded(Object(Closure))
#6 [internal function]: Illuminate\Database\Console\Seeds\SeedCommand->fire()
#7 /home/lenovo/Documentos/empresas/gora/scrips/cartera2/vendor/laravel/framework/src/Illuminate/Container/Container.php(507): call_user_func_array(Array, Array)
#8 /home/lenovo/Documentos/empresas/gora/scrips/cartera2/vendor/laravel/framework/src/Illuminate/Console/Command.php(169): Illuminate\Container\Container->call(Array)
#9 /home/lenovo/Documentos/empresas/gora/scrips/cartera2/vendor/symfony/console/Command/Command.php(256): Illuminate\Console\Command->execute(Object(Symfony\Component\Console\Input\ArgvInput), Object(Symfony\Component\Console\Output\ConsoleOutput))
#10 /home/lenovo/Documentos/empresas/gora/scrips/cartera2/vendor/laravel/framework/src/Illuminate/Console/Command.php(155): Symfony\Component\Console\Command\Command->run(Object(Symfony\Component\Console\Input\ArgvInput), Object(Symfony\Component\Console\Output\ConsoleOutput))
#11 /home/lenovo/Documentos/empresas/gora/scrips/cartera2/vendor/symfony/console/Application.php(794): Illuminate\Console\Command->run(Object(Symfony\Component\Console\Input\ArgvInput), Object(Symfony\Component\Console\Output\ConsoleOutput))
#12 /home/lenovo/Documentos/empresas/gora/scrips/cartera2/vendor/symfony/console/Application.php(186): Symfony\Component\Console\Application->doRunCommand(Object(Illuminate\Database\Console\Seeds\SeedCommand), Object(Symfony\Component\Console\Input\ArgvInput), Object(Symfony\Component\Console\Output\ConsoleOutput))
#13 /home/lenovo/Documentos/empresas/gora/scrips/cartera2/vendor/symfony/console/Application.php(117): Symfony\Component\Console\Application->doRun(Object(Symfony\Component\Console\Input\ArgvInput), Object(Symfony\Component\Console\Output\ConsoleOutput))
#14 /home/lenovo/Documentos/empresas/gora/scrips/cartera2/vendor/laravel/framework/src/Illuminate/Foundation/Console/Kernel.php(107): Symfony\Component\Console\Application->run(Object(Symfony\Component\Console\Input\ArgvInput), Object(Symfony\Component\Console\Output\ConsoleOutput))
#15 /home/lenovo/Documentos/empresas/gora/scrips/cartera2/artisan(35): Illuminate\Foundation\Console\Kernel->handle(Object(Symfony\Component\Console\Input\ArgvInput), Object(Symfony\Component\Console\Output\ConsoleOutput))
#16 {main}  
[2020-07-03 15:25:26] local.ERROR: ErrorException: ksort() expects parameter 1 to be array, bool given in /home/lenovo/Documentos/empresas/gora/scrips/cartera2/vendor/laravel/framework/src/Illuminate/Database/Query/Builder.php:2068
Stack trace:
#0 [internal function]: Illuminate\Foundation\Bootstrap\HandleExceptions->handleError(2, 'ksort() expects...', '/home/lenovo/Do...', 2068, Array)
#1 /home/lenovo/Documentos/empresas/gora/scrips/cartera2/vendor/laravel/framework/src/Illuminate/Database/Query/Builder.php(2068): ksort(false)
#2 /home/lenovo/Documentos/empresas/gora/scrips/cartera2/database/seeds/TarifasTableSeeder.php(21): Illuminate\Database\Query\Builder->insert(Array)
#3 /home/lenovo/Documentos/empresas/gora/scrips/cartera2/vendor/laravel/framework/src/Illuminate/Database/Console/Seeds/SeedCommand.php(63): TarifasTableSeeder->run()
#4 /home/lenovo/Documentos/empresas/gora/scrips/cartera2/vendor/laravel/framework/src/Illuminate/Database/Eloquent/Model.php(2314): Illuminate\Database\Console\Seeds\SeedCommand->Illuminate\Database\Console\Seeds\{closure}()
#5 /home/lenovo/Documentos/empresas/gora/scrips/cartera2/vendor/laravel/framework/src/Illuminate/Database/Console/Seeds/SeedCommand.php(64): Illuminate\Database\Eloquent\Model::unguarded(Object(Closure))
#6 [internal function]: Illuminate\Database\Console\Seeds\SeedCommand->fire()
#7 /home/lenovo/Documentos/empresas/gora/scrips/cartera2/vendor/laravel/framework/src/Illuminate/Container/Container.php(507): call_user_func_array(Array, Array)
#8 /home/lenovo/Documentos/empresas/gora/scrips/cartera2/vendor/laravel/framework/src/Illuminate/Console/Command.php(169): Illuminate\Container\Container->call(Array)
#9 /home/lenovo/Documentos/empresas/gora/scrips/cartera2/vendor/symfony/console/Command/Command.php(256): Illuminate\Console\Command->execute(Object(Symfony\Component\Console\Input\ArgvInput), Object(Symfony\Component\Console\Output\ConsoleOutput))
#10 /home/lenovo/Documentos/empresas/gora/scrips/cartera2/vendor/laravel/framework/src/Illuminate/Console/Command.php(155): Symfony\Component\Console\Command\Command->run(Object(Symfony\Component\Console\Input\ArgvInput), Object(Symfony\Component\Console\Output\ConsoleOutput))
#11 /home/lenovo/Documentos/empresas/gora/scrips/cartera2/vendor/symfony/console/Application.php(794): Illuminate\Console\Command->run(Object(Symfony\Component\Console\Input\ArgvInput), Object(Symfony\Component\Console\Output\ConsoleOutput))
#12 /home/lenovo/Documentos/empresas/gora/scrips/cartera2/vendor/symfony/console/Application.php(186): Symfony\Component\Console\Application->doRunCommand(Object(Illuminate\Database\Console\Seeds\SeedCommand), Object(Symfony\Component\Console\Input\ArgvInput), Object(Symfony\Component\Console\Output\ConsoleOutput))
#13 /home/lenovo/Documentos/empresas/gora/scrips/cartera2/vendor/symfony/console/Application.php(117): Symfony\Component\Console\Application->doRun(Object(Symfony\Component\Console\Input\ArgvInput), Object(Symfony\Component\Console\Output\ConsoleOutput))
#14 /home/lenovo/Documentos/empresas/gora/scrips/cartera2/vendor/laravel/framework/src/Illuminate/Foundation/Console/Kernel.php(107): Symfony\Component\Console\Application->run(Object(Symfony\Component\Console\Input\ArgvInput), Object(Symfony\Component\Console\Output\ConsoleOutput))
#15 /home/lenovo/Documentos/empresas/gora/scrips/cartera2/artisan(35): Illuminate\Foundation\Console\Kernel->handle(Object(Symfony\Component\Console\Input\ArgvInput), Object(Symfony\Component\Console\Output\ConsoleOutput))
#16 {main}  
[2020-07-03 15:26:35] local.ERROR: ErrorException: ksort() expects parameter 1 to be array, bool given in /home/lenovo/Documentos/empresas/gora/scrips/cartera2/vendor/laravel/framework/src/Illuminate/Database/Query/Builder.php:2068
Stack trace:
#0 [internal function]: Illuminate\Foundation\Bootstrap\HandleExceptions->handleError(2, 'ksort() expects...', '/home/lenovo/Do...', 2068, Array)
#1 /home/lenovo/Documentos/empresas/gora/scrips/cartera2/vendor/laravel/framework/src/Illuminate/Database/Query/Builder.php(2068): ksort(false)
#2 /home/lenovo/Documentos/empresas/gora/scrips/cartera2/database/seeds/TarifasTableSeeder.php(21): Illuminate\Database\Query\Builder->insert(Array)
#3 /home/lenovo/Documentos/empresas/gora/scrips/cartera2/vendor/laravel/framework/src/Illuminate/Database/Console/Seeds/SeedCommand.php(63): TarifasTableSeeder->run()
#4 /home/lenovo/Documentos/empresas/gora/scrips/cartera2/vendor/laravel/framework/src/Illuminate/Database/Eloquent/Model.php(2314): Illuminate\Database\Console\Seeds\SeedCommand->Illuminate\Database\Console\Seeds\{closure}()
#5 /home/lenovo/Documentos/empresas/gora/scrips/cartera2/vendor/laravel/framework/src/Illuminate/Database/Console/Seeds/SeedCommand.php(64): Illuminate\Database\Eloquent\Model::unguarded(Object(Closure))
#6 [internal function]: Illuminate\Database\Console\Seeds\SeedCommand->fire()
#7 /home/lenovo/Documentos/empresas/gora/scrips/cartera2/vendor/laravel/framework/src/Illuminate/Container/Container.php(507): call_user_func_array(Array, Array)
#8 /home/lenovo/Documentos/empresas/gora/scrips/cartera2/vendor/laravel/framework/src/Illuminate/Console/Command.php(169): Illuminate\Container\Container->call(Array)
#9 /home/lenovo/Documentos/empresas/gora/scrips/cartera2/vendor/symfony/console/Command/Command.php(256): Illuminate\Console\Command->execute(Object(Symfony\Component\Console\Input\ArgvInput), Object(Symfony\Component\Console\Output\ConsoleOutput))
#10 /home/lenovo/Documentos/empresas/gora/scrips/cartera2/vendor/laravel/framework/src/Illuminate/Console/Command.php(155): Symfony\Component\Console\Command\Command->run(Object(Symfony\Component\Console\Input\ArgvInput), Object(Symfony\Component\Console\Output\ConsoleOutput))
#11 /home/lenovo/Documentos/empresas/gora/scrips/cartera2/vendor/symfony/console/Application.php(794): Illuminate\Console\Command->run(Object(Symfony\Component\Console\Input\ArgvInput), Object(Symfony\Component\Console\Output\ConsoleOutput))
#12 /home/lenovo/Documentos/empresas/gora/scrips/cartera2/vendor/symfony/console/Application.php(186): Symfony\Component\Console\Application->doRunCommand(Object(Illuminate\Database\Console\Seeds\SeedCommand), Object(Symfony\Component\Console\Input\ArgvInput), Object(Symfony\Component\Console\Output\ConsoleOutput))
#13 /home/lenovo/Documentos/empresas/gora/scrips/cartera2/vendor/symfony/console/Application.php(117): Symfony\Component\Console\Application->doRun(Object(Symfony\Component\Console\Input\ArgvInput), Object(Symfony\Component\Console\Output\ConsoleOutput))
#14 /home/lenovo/Documentos/empresas/gora/scrips/cartera2/vendor/laravel/framework/src/Illuminate/Foundation/Console/Kernel.php(107): Symfony\Component\Console\Application->run(Object(Symfony\Component\Console\Input\ArgvInput), Object(Symfony\Component\Console\Output\ConsoleOutput))
#15 /home/lenovo/Documentos/empresas/gora/scrips/cartera2/artisan(35): Illuminate\Foundation\Console\Kernel->handle(Object(Symfony\Component\Console\Input\ArgvInput), Object(Symfony\Component\Console\Output\ConsoleOutput))
#16 {main}  
